

Started GET "/" for ::1 at 2016-10-23 12:20:39 -0400
  [1m[36mActiveRecord::SchemaMigration Load (12.8ms)[0m  [1mSELECT "schema_migrations".* FROM "schema_migrations"[0m
Processing by PinsController#index as HTML
  [1m[35mUser Load (6.4ms)[0m  SELECT  "users".* FROM "users" WHERE (id=5)  ORDER BY "users"."id" ASC LIMIT 1
DEPRECATION WARNING: [paperclip] [deprecation] AWS SDK v1 has been deprecated in paperclip 5. Please consider upgrading to AWS 2 before upgrading paperclip. (called from <class:Pin> at /Users/Michelle/Desktop/ruby/rails-pinning-app/app/models/pin.rb:14)
  [1m[36mPin Load (13.1ms)[0m  [1mSELECT "pins".* FROM "pins"[0m
  [1m[35mCategory Load (7.4ms)[0m  SELECT  "categories".* FROM "categories" WHERE "categories"."id" = $1 LIMIT 1  [["id", 3]]
  [1m[36mBoardPinner Load (7.1ms)[0m  [1mSELECT "board_pinners".* FROM "board_pinners" WHERE "board_pinners"."user_id" = $1[0m  [["user_id", 5]]
  [1m[35mBoard Load (2.1ms)[0m  SELECT  "boards".* FROM "boards" WHERE "boards"."id" = $1 LIMIT 1  [["id", 17]]
  [1m[36mBoard Load (0.4ms)[0m  [1mSELECT  "boards".* FROM "boards" WHERE "boards"."id" = $1 LIMIT 1[0m  [["id", 36]]
  [1m[35mCACHE (0.0ms)[0m  SELECT  "boards".* FROM "boards" WHERE "boards"."id" = $1 LIMIT 1  [["id", 17]]
  [1m[36mBoard Load (0.3ms)[0m  [1mSELECT "boards".* FROM "boards" WHERE "boards"."user_id" = $1[0m  [["user_id", 5]]
  Rendered shared/_repin_form.erb (63.7ms)
  [1m[35mCategory Load (0.3ms)[0m  SELECT  "categories".* FROM "categories" WHERE "categories"."id" = $1 LIMIT 1  [["id", 1]]
  Rendered shared/_repin_form.erb (2.2ms)
  [1m[36mCACHE (0.0ms)[0m  [1mSELECT  "categories".* FROM "categories" WHERE "categories"."id" = $1 LIMIT 1[0m  [["id", 3]]
  Rendered shared/_repin_form.erb (21.0ms)
  [1m[35mCACHE (0.0ms)[0m  SELECT  "categories".* FROM "categories" WHERE "categories"."id" = $1 LIMIT 1  [["id", 3]]
  Rendered shared/_repin_form.erb (5.5ms)
  [1m[36mCategory Load (5.0ms)[0m  [1mSELECT  "categories".* FROM "categories" WHERE "categories"."id" = $1 LIMIT 1[0m  [["id", 2]]
  Rendered shared/_repin_form.erb (3.1ms)
  [1m[35mCACHE (0.0ms)[0m  SELECT  "categories".* FROM "categories" WHERE "categories"."id" = $1 LIMIT 1  [["id", 1]]
  Rendered shared/_repin_form.erb (4.2ms)
  [1m[36mCACHE (0.0ms)[0m  [1mSELECT  "categories".* FROM "categories" WHERE "categories"."id" = $1 LIMIT 1[0m  [["id", 2]]
  Rendered shared/_repin_form.erb (2.4ms)
  [1m[35mCACHE (0.0ms)[0m  SELECT  "categories".* FROM "categories" WHERE "categories"."id" = $1 LIMIT 1  [["id", 3]]
  Rendered shared/_repin_form.erb (2.4ms)
  [1m[36mCACHE (0.0ms)[0m  [1mSELECT  "categories".* FROM "categories" WHERE "categories"."id" = $1 LIMIT 1[0m  [["id", 3]]
  Rendered shared/_repin_form.erb (2.6ms)
  [1m[35mCACHE (0.0ms)[0m  SELECT  "categories".* FROM "categories" WHERE "categories"."id" = $1 LIMIT 1  [["id", 3]]
  Rendered shared/_repin_form.erb (2.3ms)
  [1m[36mCACHE (1.3ms)[0m  [1mSELECT  "categories".* FROM "categories" WHERE "categories"."id" = $1 LIMIT 1[0m  [["id", 2]]
  Rendered shared/_repin_form.erb (3.6ms)
  [1m[35mCACHE (0.0ms)[0m  SELECT  "categories".* FROM "categories" WHERE "categories"."id" = $1 LIMIT 1  [["id", 1]]
  Rendered shared/_repin_form.erb (6.5ms)
  [1m[36mCACHE (0.0ms)[0m  [1mSELECT  "categories".* FROM "categories" WHERE "categories"."id" = $1 LIMIT 1[0m  [["id", 3]]
  Rendered shared/_repin_form.erb (4.4ms)
  [1m[35mCACHE (0.0ms)[0m  SELECT  "categories".* FROM "categories" WHERE "categories"."id" = $1 LIMIT 1  [["id", 1]]
  Rendered shared/_repin_form.erb (4.4ms)
  [1m[36mCACHE (0.0ms)[0m  [1mSELECT  "categories".* FROM "categories" WHERE "categories"."id" = $1 LIMIT 1[0m  [["id", 3]]
  Rendered shared/_repin_form.erb (9.0ms)
  [1m[35mCACHE (0.0ms)[0m  SELECT  "categories".* FROM "categories" WHERE "categories"."id" = $1 LIMIT 1  [["id", 3]]
  Rendered shared/_repin_form.erb (8.5ms)
  [1m[36mCACHE (0.0ms)[0m  [1mSELECT  "categories".* FROM "categories" WHERE "categories"."id" = $1 LIMIT 1[0m  [["id", 3]]
  Rendered shared/_repin_form.erb (4.7ms)
  [1m[35mCACHE (0.0ms)[0m  SELECT  "categories".* FROM "categories" WHERE "categories"."id" = $1 LIMIT 1  [["id", 3]]
  Rendered shared/_repin_form.erb (6.6ms)
  [1m[36mCACHE (0.0ms)[0m  [1mSELECT  "categories".* FROM "categories" WHERE "categories"."id" = $1 LIMIT 1[0m  [["id", 1]]
  Rendered shared/_repin_form.erb (5.9ms)
  [1m[35mCACHE (0.0ms)[0m  SELECT  "categories".* FROM "categories" WHERE "categories"."id" = $1 LIMIT 1  [["id", 1]]
  Rendered shared/_repin_form.erb (10.8ms)
  [1m[36mCACHE (0.0ms)[0m  [1mSELECT  "categories".* FROM "categories" WHERE "categories"."id" = $1 LIMIT 1[0m  [["id", 1]]
  Rendered shared/_repin_form.erb (7.0ms)
  [1m[35mCACHE (0.0ms)[0m  SELECT  "categories".* FROM "categories" WHERE "categories"."id" = $1 LIMIT 1  [["id", 1]]
  Rendered shared/_repin_form.erb (7.8ms)
  Rendered shared/_pins_list.erb (535.7ms)
  Rendered pins/index.erb within layouts/application (539.2ms)
Completed 200 OK in 702ms (Views: 598.5ms | ActiveRecord: 64.2ms)


Started DELETE "/logout/5" for ::1 at 2016-10-23 12:20:52 -0400
Processing by UsersController#logout as HTML
  Parameters: {"authenticity_token"=>"1K2cduj43cLmJwQIWAHFb7/9eJ/mhkZ6gVu1YaLcXjdhaQEqYCIMz8u4n71ytlpm+Aie4oDReEvs4Ulke6hHdQ==", "id"=>"5"}
Redirected to http://localhost:3000/login
Completed 302 Found in 1ms (ActiveRecord: 0.0ms)


Started GET "/login" for ::1 at 2016-10-23 12:20:52 -0400
Processing by UsersController#login as HTML
  Rendered users/login.erb within layouts/application (0.8ms)
  [1m[36mUser Load (0.4ms)[0m  [1mSELECT  "users".* FROM "users" WHERE (id=NULL)  ORDER BY "users"."id" ASC LIMIT 1[0m
Completed 200 OK in 29ms (Views: 27.8ms | ActiveRecord: 0.4ms)


Started GET "/signup" for ::1 at 2016-10-23 12:41:17 -0400
Processing by UsersController#new as HTML
  Rendered users/_form.html.erb (23.8ms)
  Rendered users/new.html.erb within layouts/application (25.6ms)
Completed 200 OK in 55ms (Views: 53.6ms | ActiveRecord: 0.0ms)


Started POST "/users" for ::1 at 2016-10-23 12:41:41 -0400
Processing by UsersController#create as HTML
  Parameters: {"utf8"=>"✓", "authenticity_token"=>"Uiad96pZ4bmEqMSbtF4zrsQrBhBk2mfYV6goFBACAjjn4gCrIoMwtKk3Xy6e6ayng97gbQKNWek6EtQRyXYbeg==", "user"=>{"first_name"=>"kyle", "last_name"=>"kyle", "email"=>"kyle@gmail.com", "password"=>"[FILTERED]"}, "commit"=>"Create User"}
  [1m[35m (0.4ms)[0m  BEGIN
  [1m[36mUser Exists (6.8ms)[0m  [1mSELECT  1 AS one FROM "users" WHERE "users"."email" = 'kyle@gmail.com' LIMIT 1[0m
  [1m[35mSQL (12.2ms)[0m  INSERT INTO "users" ("first_name", "last_name", "email", "password_digest", "created_at", "updated_at") VALUES ($1, $2, $3, $4, $5, $6) RETURNING "id"  [["first_name", "kyle"], ["last_name", "kyle"], ["email", "kyle@gmail.com"], ["password_digest", "$2a$10$7aAPNpidwon3plGYonPv5uGRdBchIEu/fcpciZQj5wOH1/RcfbHxy"], ["created_at", "2016-10-23 16:41:41.638153"], ["updated_at", "2016-10-23 16:41:41.638153"]]
  [1m[36m (5.0ms)[0m  [1mCOMMIT[0m
Redirected to http://localhost:3000/users/25
Completed 302 Found in 111ms (ActiveRecord: 24.3ms)


Started GET "/users/25" for ::1 at 2016-10-23 12:41:41 -0400
Processing by UsersController#show as HTML
  Parameters: {"id"=>"25"}
  [1m[35mUser Load (0.6ms)[0m  SELECT  "users".* FROM "users" WHERE (id=NULL)  ORDER BY "users"."id" ASC LIMIT 1
Redirected to http://localhost:3000/login
Filter chain halted as :require_login rendered or redirected
Completed 302 Found in 4ms (ActiveRecord: 0.6ms)


Started GET "/login" for ::1 at 2016-10-23 12:41:41 -0400
Processing by UsersController#login as HTML
  Rendered users/login.erb within layouts/application (0.3ms)
  [1m[36mUser Load (3.8ms)[0m  [1mSELECT  "users".* FROM "users" WHERE (id=NULL)  ORDER BY "users"."id" ASC LIMIT 1[0m
Completed 200 OK in 34ms (Views: 29.4ms | ActiveRecord: 3.8ms)


Started POST "/login" for ::1 at 2016-10-23 12:41:53 -0400
Processing by UsersController#authenticate as HTML
  Parameters: {"utf8"=>"✓", "authenticity_token"=>"qUuKu1KJfUbGUT5tAe5WUZXb3kWEey80niSSQ7McJd0cjxfn2lOsS+vOpdgrWclY0i44OOIsEQXznm5Gamg8nw==", "email"=>"kyle@gmail.com", "password"=>"[FILTERED]", "commit"=>"Sign In"}
  [1m[35mUser Load (0.3ms)[0m  SELECT  "users".* FROM "users" WHERE "users"."email" = $1 LIMIT 1  [["email", "kyle@gmail.com"]]
Redirected to http://localhost:3000/users/25
Completed 302 Found in 76ms (ActiveRecord: 0.3ms)


Started GET "/users/25" for ::1 at 2016-10-23 12:41:53 -0400
Processing by UsersController#show as HTML
  Parameters: {"id"=>"25"}
  [1m[36mUser Load (0.4ms)[0m  [1mSELECT  "users".* FROM "users" WHERE (id=25)  ORDER BY "users"."id" ASC LIMIT 1[0m
  [1m[35mPin Load (6.5ms)[0m  SELECT "pins".* FROM "pins" INNER JOIN "pinnings" ON "pins"."id" = "pinnings"."pin_id" WHERE "pinnings"."user_id" = $1  [["user_id", 25]]
  Rendered shared/_pins_list.erb (8.9ms)
  Rendered users/show.html.erb within layouts/application (11.0ms)
  [1m[36mBoard Load (0.3ms)[0m  [1mSELECT "boards".* FROM "boards" WHERE "boards"."user_id" = $1[0m  [["user_id", 25]]
Completed 200 OK in 51ms (Views: 32.5ms | ActiveRecord: 7.9ms)


Started GET "/boards/new" for ::1 at 2016-10-23 12:42:21 -0400
Processing by BoardsController#new as HTML
  [1m[35mUser Load (0.4ms)[0m  SELECT  "users".* FROM "users" WHERE (id=25)  ORDER BY "users"."id" ASC LIMIT 1
  Rendered boards/_form.html.erb (4.2ms)
  Rendered boards/new.html.erb within layouts/application (6.9ms)
  [1m[36mBoard Load (0.3ms)[0m  [1mSELECT "boards".* FROM "boards" WHERE "boards"."user_id" = $1[0m  [["user_id", 25]]
Completed 200 OK in 65ms (Views: 63.0ms | ActiveRecord: 0.7ms)


Started POST "/boards" for ::1 at 2016-10-23 12:42:26 -0400
Processing by BoardsController#create as HTML
  Parameters: {"utf8"=>"✓", "authenticity_token"=>"PXHAARHOS8l/M7M3GkfWtB2hzAn+TNPbLLVZAfGNQ86ItV1dmRSaxFKsKIIw8Em9WlQqdJgb7epBD6UEKPlajA==", "board"=>{"user_id"=>"25", "name"=>"kyle"}, "commit"=>"Create Board"}
  [1m[35mUser Load (0.4ms)[0m  SELECT  "users".* FROM "users" WHERE (id=25)  ORDER BY "users"."id" ASC LIMIT 1
  [1m[36m (0.2ms)[0m  [1mBEGIN[0m
  [1m[35mSQL (1.3ms)[0m  INSERT INTO "boards" ("name", "user_id", "created_at", "updated_at") VALUES ($1, $2, $3, $4) RETURNING "id"  [["name", "kyle"], ["user_id", 25], ["created_at", "2016-10-23 16:42:26.100144"], ["updated_at", "2016-10-23 16:42:26.100144"]]
  [1m[36m (0.4ms)[0m  [1mCOMMIT[0m
Redirected to http://localhost:3000/boards/38
Completed 302 Found in 7ms (ActiveRecord: 2.3ms)


Started GET "/boards/38" for ::1 at 2016-10-23 12:42:26 -0400
Processing by BoardsController#show as HTML
  Parameters: {"id"=>"38"}
  [1m[35mUser Load (0.5ms)[0m  SELECT  "users".* FROM "users" WHERE (id=25)  ORDER BY "users"."id" ASC LIMIT 1
  [1m[36mBoard Load (0.3ms)[0m  [1mSELECT  "boards".* FROM "boards" WHERE "boards"."user_id" = $1 AND "boards"."id" = $2 LIMIT 1[0m  [["user_id", 25], ["id", 38]]
  [1m[35mPin Load (0.4ms)[0m  SELECT "pins".* FROM "pins" INNER JOIN "pinnings" ON "pins"."id" = "pinnings"."pin_id" WHERE "pinnings"."board_id" = $1  [["board_id", 38]]
  Rendered shared/_pins_list.erb (2.1ms)
  Rendered boards/show.html.erb within layouts/application (3.9ms)
  [1m[36mBoard Load (0.3ms)[0m  [1mSELECT "boards".* FROM "boards" WHERE "boards"."user_id" = $1[0m  [["user_id", 25]]
Completed 200 OK in 41ms (Views: 34.6ms | ActiveRecord: 1.5ms)


Started GET "/boards" for ::1 at 2016-10-23 12:42:29 -0400
Processing by BoardsController#index as HTML
  [1m[35mUser Load (0.4ms)[0m  SELECT  "users".* FROM "users" WHERE (id=25)  ORDER BY "users"."id" ASC LIMIT 1
  [1m[36mBoardPinner Load (0.8ms)[0m  [1mSELECT "board_pinners".* FROM "board_pinners" WHERE "board_pinners"."user_id" = $1[0m  [["user_id", 25]]
  [1m[35mBoard Load (0.3ms)[0m  SELECT "boards".* FROM "boards" WHERE "boards"."user_id" = $1  [["user_id", 25]]
  Rendered boards/index.html.erb within layouts/application (2.3ms)
Completed 200 OK in 73ms (Views: 66.8ms | ActiveRecord: 1.5ms)


Started GET "/boards/38" for ::1 at 2016-10-23 12:42:33 -0400
Processing by BoardsController#show as HTML
  Parameters: {"id"=>"38"}
  [1m[36mUser Load (0.7ms)[0m  [1mSELECT  "users".* FROM "users" WHERE (id=25)  ORDER BY "users"."id" ASC LIMIT 1[0m
  [1m[35mBoard Load (0.5ms)[0m  SELECT  "boards".* FROM "boards" WHERE "boards"."user_id" = $1 AND "boards"."id" = $2 LIMIT 1  [["user_id", 25], ["id", 38]]
  [1m[36mPin Load (0.8ms)[0m  [1mSELECT "pins".* FROM "pins" INNER JOIN "pinnings" ON "pins"."id" = "pinnings"."pin_id" WHERE "pinnings"."board_id" = $1[0m  [["board_id", 38]]
  Rendered shared/_pins_list.erb (2.7ms)
  Rendered boards/show.html.erb within layouts/application (5.7ms)
  [1m[35mBoard Load (0.3ms)[0m  SELECT "boards".* FROM "boards" WHERE "boards"."user_id" = $1  [["user_id", 25]]
Completed 200 OK in 67ms (Views: 57.3ms | ActiveRecord: 2.4ms)


Started GET "/" for ::1 at 2016-10-23 12:42:46 -0400
Processing by PinsController#index as HTML
  [1m[36mUser Load (0.7ms)[0m  [1mSELECT  "users".* FROM "users" WHERE (id=25)  ORDER BY "users"."id" ASC LIMIT 1[0m
  [1m[35mPin Load (0.5ms)[0m  SELECT "pins".* FROM "pins"
  [1m[36mCategory Load (0.4ms)[0m  [1mSELECT  "categories".* FROM "categories" WHERE "categories"."id" = $1 LIMIT 1[0m  [["id", 3]]
  [1m[35mBoardPinner Load (0.3ms)[0m  SELECT "board_pinners".* FROM "board_pinners" WHERE "board_pinners"."user_id" = $1  [["user_id", 25]]
  [1m[36mBoard Load (0.4ms)[0m  [1mSELECT "boards".* FROM "boards" WHERE "boards"."user_id" = $1[0m  [["user_id", 25]]
  Rendered shared/_repin_form.erb (6.0ms)
  [1m[35mCategory Load (0.3ms)[0m  SELECT  "categories".* FROM "categories" WHERE "categories"."id" = $1 LIMIT 1  [["id", 1]]
  Rendered shared/_repin_form.erb (11.3ms)
  [1m[36mCACHE (0.0ms)[0m  [1mSELECT  "categories".* FROM "categories" WHERE "categories"."id" = $1 LIMIT 1[0m  [["id", 3]]
  Rendered shared/_repin_form.erb (6.0ms)
  [1m[35mCACHE (0.0ms)[0m  SELECT  "categories".* FROM "categories" WHERE "categories"."id" = $1 LIMIT 1  [["id", 3]]
  Rendered shared/_repin_form.erb (10.5ms)
  [1m[36mCategory Load (0.6ms)[0m  [1mSELECT  "categories".* FROM "categories" WHERE "categories"."id" = $1 LIMIT 1[0m  [["id", 2]]
  Rendered shared/_repin_form.erb (3.0ms)
  [1m[35mCACHE (0.0ms)[0m  SELECT  "categories".* FROM "categories" WHERE "categories"."id" = $1 LIMIT 1  [["id", 1]]
  Rendered shared/_repin_form.erb (2.6ms)
  [1m[36mCACHE (0.0ms)[0m  [1mSELECT  "categories".* FROM "categories" WHERE "categories"."id" = $1 LIMIT 1[0m  [["id", 2]]
  Rendered shared/_repin_form.erb (2.4ms)
  [1m[35mCACHE (0.0ms)[0m  SELECT  "categories".* FROM "categories" WHERE "categories"."id" = $1 LIMIT 1  [["id", 3]]
  Rendered shared/_repin_form.erb (3.0ms)
  [1m[36mCACHE (0.0ms)[0m  [1mSELECT  "categories".* FROM "categories" WHERE "categories"."id" = $1 LIMIT 1[0m  [["id", 3]]
  Rendered shared/_repin_form.erb (3.0ms)
  [1m[35mCACHE (0.0ms)[0m  SELECT  "categories".* FROM "categories" WHERE "categories"."id" = $1 LIMIT 1  [["id", 3]]
  Rendered shared/_repin_form.erb (2.1ms)
  [1m[36mCACHE (0.0ms)[0m  [1mSELECT  "categories".* FROM "categories" WHERE "categories"."id" = $1 LIMIT 1[0m  [["id", 2]]
  Rendered shared/_repin_form.erb (3.9ms)
  [1m[35mCACHE (0.0ms)[0m  SELECT  "categories".* FROM "categories" WHERE "categories"."id" = $1 LIMIT 1  [["id", 1]]
  Rendered shared/_repin_form.erb (2.2ms)
  [1m[36mCACHE (0.0ms)[0m  [1mSELECT  "categories".* FROM "categories" WHERE "categories"."id" = $1 LIMIT 1[0m  [["id", 3]]
  Rendered shared/_repin_form.erb (2.0ms)
  [1m[35mCACHE (0.0ms)[0m  SELECT  "categories".* FROM "categories" WHERE "categories"."id" = $1 LIMIT 1  [["id", 1]]
  Rendered shared/_repin_form.erb (3.8ms)
  [1m[36mCACHE (0.0ms)[0m  [1mSELECT  "categories".* FROM "categories" WHERE "categories"."id" = $1 LIMIT 1[0m  [["id", 3]]
  Rendered shared/_repin_form.erb (2.8ms)
  [1m[35mCACHE (0.0ms)[0m  SELECT  "categories".* FROM "categories" WHERE "categories"."id" = $1 LIMIT 1  [["id", 3]]
  Rendered shared/_repin_form.erb (3.2ms)
  [1m[36mCACHE (0.0ms)[0m  [1mSELECT  "categories".* FROM "categories" WHERE "categories"."id" = $1 LIMIT 1[0m  [["id", 3]]
  Rendered shared/_repin_form.erb (2.0ms)
  [1m[35mCACHE (0.0ms)[0m  SELECT  "categories".* FROM "categories" WHERE "categories"."id" = $1 LIMIT 1  [["id", 3]]
  Rendered shared/_repin_form.erb (2.1ms)
  [1m[36mCACHE (0.0ms)[0m  [1mSELECT  "categories".* FROM "categories" WHERE "categories"."id" = $1 LIMIT 1[0m  [["id", 1]]
  Rendered shared/_repin_form.erb (3.3ms)
  [1m[35mCACHE (0.0ms)[0m  SELECT  "categories".* FROM "categories" WHERE "categories"."id" = $1 LIMIT 1  [["id", 1]]
  Rendered shared/_repin_form.erb (2.1ms)
  [1m[36mCACHE (0.0ms)[0m  [1mSELECT  "categories".* FROM "categories" WHERE "categories"."id" = $1 LIMIT 1[0m  [["id", 1]]
  Rendered shared/_repin_form.erb (2.2ms)
  [1m[35mCACHE (0.0ms)[0m  SELECT  "categories".* FROM "categories" WHERE "categories"."id" = $1 LIMIT 1  [["id", 1]]
  Rendered shared/_repin_form.erb (2.0ms)
  Rendered shared/_pins_list.erb (173.7ms)
  Rendered pins/index.erb within layouts/application (176.5ms)
Completed 200 OK in 211ms (Views: 205.2ms | ActiveRecord: 3.7ms)


Started POST "/pins/repin/11" for ::1 at 2016-10-23 12:42:49 -0400
Processing by PinsController#repin as HTML
  Parameters: {"utf8"=>"✓", "authenticity_token"=>"KdXQ1GcBEO5PK5DngVI2i0PbNRmI3zv30xf6ObQyvkOcEU2I79vB42K0C1Kr5amCBC7TZO6IBca+rQY8bUanAQ==", "pin"=>{"pinning"=>{"board_id"=>"38", "user_id"=>"25"}}, "button"=>"", "id"=>"11"}
  [1m[36mUser Load (0.4ms)[0m  [1mSELECT  "users".* FROM "users" WHERE (id=25)  ORDER BY "users"."id" ASC LIMIT 1[0m
  [1m[35mPin Load (0.2ms)[0m  SELECT  "pins".* FROM "pins" WHERE "pins"."id" = $1 LIMIT 1  [["id", 11]]
  [1m[36m (0.2ms)[0m  [1mBEGIN[0m
  [1m[35mSQL (3.6ms)[0m  INSERT INTO "pinnings" ("user_id", "board_id", "pin_id", "created_at", "updated_at") VALUES ($1, $2, $3, $4, $5) RETURNING "id"  [["user_id", 25], ["board_id", 38], ["pin_id", 11], ["created_at", "2016-10-23 16:42:49.684797"], ["updated_at", "2016-10-23 16:42:49.684797"]]
  [1m[36m (0.5ms)[0m  [1mCOMMIT[0m
Redirected to http://localhost:3000/users/25
Completed 302 Found in 17ms (ActiveRecord: 5.4ms)


Started GET "/users/25" for ::1 at 2016-10-23 12:42:49 -0400
Processing by UsersController#show as HTML
  Parameters: {"id"=>"25"}
  [1m[35mUser Load (0.4ms)[0m  SELECT  "users".* FROM "users" WHERE (id=25)  ORDER BY "users"."id" ASC LIMIT 1
  [1m[36mPin Load (0.6ms)[0m  [1mSELECT "pins".* FROM "pins" INNER JOIN "pinnings" ON "pins"."id" = "pinnings"."pin_id" WHERE "pinnings"."user_id" = $1[0m  [["user_id", 25]]
  [1m[35mCategory Load (0.4ms)[0m  SELECT  "categories".* FROM "categories" WHERE "categories"."id" = $1 LIMIT 1  [["id", 3]]
  [1m[36mBoardPinner Load (0.4ms)[0m  [1mSELECT "board_pinners".* FROM "board_pinners" WHERE "board_pinners"."user_id" = $1[0m  [["user_id", 25]]
  [1m[35mBoard Load (0.2ms)[0m  SELECT "boards".* FROM "boards" WHERE "boards"."user_id" = $1  [["user_id", 25]]
  Rendered shared/_repin_form.erb (6.3ms)
  Rendered shared/_pins_list.erb (13.3ms)
  Rendered users/show.html.erb within layouts/application (17.5ms)
Completed 200 OK in 43ms (Views: 39.2ms | ActiveRecord: 1.9ms)


Started POST "/pins/repin/14" for ::1 at 2016-10-23 12:43:01 -0400
Processing by PinsController#repin as HTML
  Parameters: {"utf8"=>"✓", "authenticity_token"=>"d7T5YEd+Uq91QsmOUhKlQ3lClcTBMOcRCaYHSgrWAzbCcGQ8z6SDoljdUjt4pTpKPrdzuadn2SBkHPtP06IadA==", "pin"=>{"pinning"=>{"board_id"=>"38", "user_id"=>"25"}}, "button"=>"", "id"=>"14"}
  [1m[36mUser Load (0.4ms)[0m  [1mSELECT  "users".* FROM "users" WHERE (id=25)  ORDER BY "users"."id" ASC LIMIT 1[0m
  [1m[35mPin Load (0.4ms)[0m  SELECT  "pins".* FROM "pins" WHERE "pins"."id" = $1 LIMIT 1  [["id", 14]]
  [1m[36m (0.2ms)[0m  [1mBEGIN[0m
  [1m[35mSQL (0.4ms)[0m  INSERT INTO "pinnings" ("user_id", "board_id", "pin_id", "created_at", "updated_at") VALUES ($1, $2, $3, $4, $5) RETURNING "id"  [["user_id", 25], ["board_id", 38], ["pin_id", 14], ["created_at", "2016-10-23 16:43:01.504298"], ["updated_at", "2016-10-23 16:43:01.504298"]]
  [1m[36m (1.3ms)[0m  [1mCOMMIT[0m
Redirected to http://localhost:3000/users/25
Completed 302 Found in 8ms (ActiveRecord: 2.7ms)


Started GET "/users/25" for ::1 at 2016-10-23 12:43:01 -0400
Processing by UsersController#show as HTML
  Parameters: {"id"=>"25"}
  [1m[35mUser Load (0.4ms)[0m  SELECT  "users".* FROM "users" WHERE (id=25)  ORDER BY "users"."id" ASC LIMIT 1
  [1m[36mPin Load (0.4ms)[0m  [1mSELECT "pins".* FROM "pins" INNER JOIN "pinnings" ON "pins"."id" = "pinnings"."pin_id" WHERE "pinnings"."user_id" = $1[0m  [["user_id", 25]]
  [1m[35mCategory Load (0.3ms)[0m  SELECT  "categories".* FROM "categories" WHERE "categories"."id" = $1 LIMIT 1  [["id", 3]]
  [1m[36mBoardPinner Load (0.4ms)[0m  [1mSELECT "board_pinners".* FROM "board_pinners" WHERE "board_pinners"."user_id" = $1[0m  [["user_id", 25]]
  [1m[35mBoard Load (0.3ms)[0m  SELECT "boards".* FROM "boards" WHERE "boards"."user_id" = $1  [["user_id", 25]]
  Rendered shared/_repin_form.erb (4.4ms)
  [1m[36mCategory Load (0.3ms)[0m  [1mSELECT  "categories".* FROM "categories" WHERE "categories"."id" = $1 LIMIT 1[0m  [["id", 1]]
  Rendered shared/_repin_form.erb (3.0ms)
  Rendered shared/_pins_list.erb (16.5ms)
  Rendered users/show.html.erb within layouts/application (17.5ms)
Completed 200 OK in 42ms (Views: 38.2ms | ActiveRecord: 2.1ms)


Started GET "/boards/38" for ::1 at 2016-10-23 12:43:05 -0400
Processing by BoardsController#show as HTML
  Parameters: {"id"=>"38"}
  [1m[35mUser Load (1.9ms)[0m  SELECT  "users".* FROM "users" WHERE (id=25)  ORDER BY "users"."id" ASC LIMIT 1
  [1m[36mBoard Load (0.5ms)[0m  [1mSELECT  "boards".* FROM "boards" WHERE "boards"."user_id" = $1 AND "boards"."id" = $2 LIMIT 1[0m  [["user_id", 25], ["id", 38]]
  [1m[35mPin Load (0.5ms)[0m  SELECT "pins".* FROM "pins" INNER JOIN "pinnings" ON "pins"."id" = "pinnings"."pin_id" WHERE "pinnings"."board_id" = $1  [["board_id", 38]]
  [1m[36mCategory Load (0.2ms)[0m  [1mSELECT  "categories".* FROM "categories" WHERE "categories"."id" = $1 LIMIT 1[0m  [["id", 3]]
  [1m[35mBoardPinner Load (0.4ms)[0m  SELECT "board_pinners".* FROM "board_pinners" WHERE "board_pinners"."user_id" = $1  [["user_id", 25]]
  [1m[36mBoard Load (0.3ms)[0m  [1mSELECT "boards".* FROM "boards" WHERE "boards"."user_id" = $1[0m  [["user_id", 25]]
  Rendered shared/_repin_form.erb (20.5ms)
  [1m[35mCategory Load (0.9ms)[0m  SELECT  "categories".* FROM "categories" WHERE "categories"."id" = $1 LIMIT 1  [["id", 1]]
  Rendered shared/_repin_form.erb (3.5ms)
  Rendered shared/_pins_list.erb (53.2ms)
  Rendered boards/show.html.erb within layouts/application (54.7ms)
Completed 200 OK in 90ms (Views: 79.1ms | ActiveRecord: 4.8ms)


Started GET "/users/25" for ::1 at 2016-10-23 12:43:13 -0400
Processing by UsersController#show as HTML
  Parameters: {"id"=>"25"}
  [1m[36mUser Load (1.2ms)[0m  [1mSELECT  "users".* FROM "users" WHERE (id=25)  ORDER BY "users"."id" ASC LIMIT 1[0m
  [1m[35mPin Load (0.7ms)[0m  SELECT "pins".* FROM "pins" INNER JOIN "pinnings" ON "pins"."id" = "pinnings"."pin_id" WHERE "pinnings"."user_id" = $1  [["user_id", 25]]
  [1m[36mCategory Load (0.4ms)[0m  [1mSELECT  "categories".* FROM "categories" WHERE "categories"."id" = $1 LIMIT 1[0m  [["id", 3]]
  [1m[35mBoardPinner Load (0.4ms)[0m  SELECT "board_pinners".* FROM "board_pinners" WHERE "board_pinners"."user_id" = $1  [["user_id", 25]]
  [1m[36mBoard Load (0.5ms)[0m  [1mSELECT "boards".* FROM "boards" WHERE "boards"."user_id" = $1[0m  [["user_id", 25]]
  Rendered shared/_repin_form.erb (15.1ms)
  [1m[35mCategory Load (1.5ms)[0m  SELECT  "categories".* FROM "categories" WHERE "categories"."id" = $1 LIMIT 1  [["id", 1]]
  Rendered shared/_repin_form.erb (8.9ms)
  Rendered shared/_pins_list.erb (43.6ms)
  Rendered users/show.html.erb within layouts/application (46.3ms)
Completed 200 OK in 110ms (Views: 101.4ms | ActiveRecord: 4.6ms)


Started GET "/" for ::1 at 2016-10-23 12:43:18 -0400
Processing by PinsController#index as HTML
  [1m[36mUser Load (0.5ms)[0m  [1mSELECT  "users".* FROM "users" WHERE (id=25)  ORDER BY "users"."id" ASC LIMIT 1[0m
  [1m[35mPin Load (0.4ms)[0m  SELECT "pins".* FROM "pins"
  [1m[36mCategory Load (0.2ms)[0m  [1mSELECT  "categories".* FROM "categories" WHERE "categories"."id" = $1 LIMIT 1[0m  [["id", 3]]
  [1m[35mBoardPinner Load (0.3ms)[0m  SELECT "board_pinners".* FROM "board_pinners" WHERE "board_pinners"."user_id" = $1  [["user_id", 25]]
  [1m[36mBoard Load (0.2ms)[0m  [1mSELECT "boards".* FROM "boards" WHERE "boards"."user_id" = $1[0m  [["user_id", 25]]
  Rendered shared/_repin_form.erb (5.9ms)
  [1m[35mCategory Load (0.3ms)[0m  SELECT  "categories".* FROM "categories" WHERE "categories"."id" = $1 LIMIT 1  [["id", 1]]
  Rendered shared/_repin_form.erb (2.4ms)
  [1m[36mCACHE (0.0ms)[0m  [1mSELECT  "categories".* FROM "categories" WHERE "categories"."id" = $1 LIMIT 1[0m  [["id", 3]]
  Rendered shared/_repin_form.erb (6.3ms)
  [1m[35mCACHE (0.0ms)[0m  SELECT  "categories".* FROM "categories" WHERE "categories"."id" = $1 LIMIT 1  [["id", 3]]
  Rendered shared/_repin_form.erb (3.9ms)
  [1m[36mCategory Load (0.3ms)[0m  [1mSELECT  "categories".* FROM "categories" WHERE "categories"."id" = $1 LIMIT 1[0m  [["id", 2]]
  Rendered shared/_repin_form.erb (5.8ms)
  [1m[35mCACHE (0.0ms)[0m  SELECT  "categories".* FROM "categories" WHERE "categories"."id" = $1 LIMIT 1  [["id", 1]]
  Rendered shared/_repin_form.erb (3.0ms)
  [1m[36mCACHE (0.0ms)[0m  [1mSELECT  "categories".* FROM "categories" WHERE "categories"."id" = $1 LIMIT 1[0m  [["id", 2]]
  Rendered shared/_repin_form.erb (2.6ms)
  [1m[35mCACHE (0.0ms)[0m  SELECT  "categories".* FROM "categories" WHERE "categories"."id" = $1 LIMIT 1  [["id", 3]]
  Rendered shared/_repin_form.erb (10.3ms)
  [1m[36mCACHE (0.0ms)[0m  [1mSELECT  "categories".* FROM "categories" WHERE "categories"."id" = $1 LIMIT 1[0m  [["id", 3]]
  Rendered shared/_repin_form.erb (3.9ms)
  [1m[35mCACHE (0.0ms)[0m  SELECT  "categories".* FROM "categories" WHERE "categories"."id" = $1 LIMIT 1  [["id", 3]]
  Rendered shared/_repin_form.erb (3.6ms)
  [1m[36mCACHE (0.0ms)[0m  [1mSELECT  "categories".* FROM "categories" WHERE "categories"."id" = $1 LIMIT 1[0m  [["id", 2]]
  Rendered shared/_repin_form.erb (5.7ms)
  [1m[35mCACHE (0.0ms)[0m  SELECT  "categories".* FROM "categories" WHERE "categories"."id" = $1 LIMIT 1  [["id", 1]]
  Rendered shared/_repin_form.erb (2.6ms)
  [1m[36mCACHE (0.1ms)[0m  [1mSELECT  "categories".* FROM "categories" WHERE "categories"."id" = $1 LIMIT 1[0m  [["id", 3]]
  Rendered shared/_repin_form.erb (2.6ms)
  [1m[35mCACHE (0.0ms)[0m  SELECT  "categories".* FROM "categories" WHERE "categories"."id" = $1 LIMIT 1  [["id", 1]]
  Rendered shared/_repin_form.erb (5.4ms)
  [1m[36mCACHE (0.0ms)[0m  [1mSELECT  "categories".* FROM "categories" WHERE "categories"."id" = $1 LIMIT 1[0m  [["id", 3]]
  Rendered shared/_repin_form.erb (2.8ms)
  [1m[35mCACHE (0.0ms)[0m  SELECT  "categories".* FROM "categories" WHERE "categories"."id" = $1 LIMIT 1  [["id", 3]]
  Rendered shared/_repin_form.erb (2.6ms)
  [1m[36mCACHE (0.0ms)[0m  [1mSELECT  "categories".* FROM "categories" WHERE "categories"."id" = $1 LIMIT 1[0m  [["id", 3]]
  Rendered shared/_repin_form.erb (5.2ms)
  [1m[35mCACHE (0.0ms)[0m  SELECT  "categories".* FROM "categories" WHERE "categories"."id" = $1 LIMIT 1  [["id", 3]]
  Rendered shared/_repin_form.erb (3.9ms)
  [1m[36mCACHE (0.0ms)[0m  [1mSELECT  "categories".* FROM "categories" WHERE "categories"."id" = $1 LIMIT 1[0m  [["id", 1]]
  Rendered shared/_repin_form.erb (2.3ms)
  [1m[35mCACHE (0.0ms)[0m  SELECT  "categories".* FROM "categories" WHERE "categories"."id" = $1 LIMIT 1  [["id", 1]]
  Rendered shared/_repin_form.erb (2.5ms)
  [1m[36mCACHE (0.0ms)[0m  [1mSELECT  "categories".* FROM "categories" WHERE "categories"."id" = $1 LIMIT 1[0m  [["id", 1]]
  Rendered shared/_repin_form.erb (2.4ms)
  [1m[35mCACHE (0.0ms)[0m  SELECT  "categories".* FROM "categories" WHERE "categories"."id" = $1 LIMIT 1  [["id", 1]]
  Rendered shared/_repin_form.erb (2.5ms)
  Rendered shared/_pins_list.erb (171.4ms)
  Rendered pins/index.erb within layouts/application (172.5ms)
Completed 200 OK in 207ms (Views: 201.5ms | ActiveRecord: 2.8ms)


Started GET "/boards/38" for ::1 at 2016-10-23 12:43:25 -0400
Processing by BoardsController#show as HTML
  Parameters: {"id"=>"38"}
  [1m[36mUser Load (1.0ms)[0m  [1mSELECT  "users".* FROM "users" WHERE (id=25)  ORDER BY "users"."id" ASC LIMIT 1[0m
  [1m[35mBoard Load (0.9ms)[0m  SELECT  "boards".* FROM "boards" WHERE "boards"."user_id" = $1 AND "boards"."id" = $2 LIMIT 1  [["user_id", 25], ["id", 38]]
  [1m[36mPin Load (1.3ms)[0m  [1mSELECT "pins".* FROM "pins" INNER JOIN "pinnings" ON "pins"."id" = "pinnings"."pin_id" WHERE "pinnings"."board_id" = $1[0m  [["board_id", 38]]
  [1m[35mCategory Load (1.3ms)[0m  SELECT  "categories".* FROM "categories" WHERE "categories"."id" = $1 LIMIT 1  [["id", 3]]
  [1m[36mBoardPinner Load (0.8ms)[0m  [1mSELECT "board_pinners".* FROM "board_pinners" WHERE "board_pinners"."user_id" = $1[0m  [["user_id", 25]]
  [1m[35mBoard Load (1.9ms)[0m  SELECT "boards".* FROM "boards" WHERE "boards"."user_id" = $1  [["user_id", 25]]
  Rendered shared/_repin_form.erb (16.8ms)
  [1m[36mCategory Load (2.5ms)[0m  [1mSELECT  "categories".* FROM "categories" WHERE "categories"."id" = $1 LIMIT 1[0m  [["id", 1]]
  Rendered shared/_repin_form.erb (6.3ms)
  Rendered shared/_pins_list.erb (41.7ms)
  Rendered boards/show.html.erb within layouts/application (44.0ms)
Completed 200 OK in 126ms (Views: 107.9ms | ActiveRecord: 9.7ms)


Started GET "/pins/14/edit" for ::1 at 2016-10-23 12:43:27 -0400
Processing by PinsController#edit as HTML
  Parameters: {"id"=>"14"}
  [1m[35mUser Load (0.6ms)[0m  SELECT  "users".* FROM "users" WHERE (id=25)  ORDER BY "users"."id" ASC LIMIT 1
  [1m[36mPin Load (0.6ms)[0m  [1mSELECT  "pins".* FROM "pins" WHERE "pins"."id" = $1 LIMIT 1[0m  [["id", 14]]
  [1m[35mPinning Load (0.4ms)[0m  SELECT  "pinnings".* FROM "pinnings" WHERE "pinnings"."pin_id" = $1 LIMIT 1  [["pin_id", 14]]
  [1m[36mCategory Load (0.4ms)[0m  [1mSELECT "categories".* FROM "categories"[0m
  [1m[35mBoardPinner Load (0.3ms)[0m  SELECT "board_pinners".* FROM "board_pinners" WHERE "board_pinners"."user_id" = $1  [["user_id", 25]]
  [1m[36mBoard Load (0.4ms)[0m  [1mSELECT "boards".* FROM "boards" WHERE "boards"."user_id" = $1[0m  [["user_id", 25]]
  Rendered pins/_form.erb (14.4ms)
  Rendered pins/edit.erb within layouts/application (16.2ms)
Completed 200 OK in 82ms (Views: 72.1ms | ActiveRecord: 2.7ms)


Started GET "/boards/new" for ::1 at 2016-10-23 12:43:40 -0400
Processing by BoardsController#new as HTML
  [1m[35mUser Load (0.7ms)[0m  SELECT  "users".* FROM "users" WHERE (id=25)  ORDER BY "users"."id" ASC LIMIT 1
  Rendered boards/_form.html.erb (2.3ms)
  Rendered boards/new.html.erb within layouts/application (5.0ms)
  [1m[36mBoard Load (0.4ms)[0m  [1mSELECT "boards".* FROM "boards" WHERE "boards"."user_id" = $1[0m  [["user_id", 25]]
Completed 200 OK in 60ms (Views: 56.6ms | ActiveRecord: 1.1ms)


Started POST "/boards" for ::1 at 2016-10-23 12:43:49 -0400
Processing by BoardsController#create as HTML
  Parameters: {"utf8"=>"✓", "authenticity_token"=>"1D0dzmkW67A0IBuohUnmEUo3cQq+NQCa82CiGfTCQX9h+YCS4cw6vRm/gB2v/nkYDcKXd9hiPque2l4cLbZYPQ==", "board"=>{"user_id"=>"25", "name"=>"math"}, "commit"=>"Create Board"}
  [1m[35mUser Load (0.4ms)[0m  SELECT  "users".* FROM "users" WHERE (id=25)  ORDER BY "users"."id" ASC LIMIT 1
  [1m[36m (0.2ms)[0m  [1mBEGIN[0m
  [1m[35mSQL (0.8ms)[0m  INSERT INTO "boards" ("name", "user_id", "created_at", "updated_at") VALUES ($1, $2, $3, $4) RETURNING "id"  [["name", "math"], ["user_id", 25], ["created_at", "2016-10-23 16:43:49.672224"], ["updated_at", "2016-10-23 16:43:49.672224"]]
  [1m[36m (0.4ms)[0m  [1mCOMMIT[0m
Redirected to http://localhost:3000/boards/39
Completed 302 Found in 7ms (ActiveRecord: 1.9ms)


Started GET "/boards/39" for ::1 at 2016-10-23 12:43:49 -0400
Processing by BoardsController#show as HTML
  Parameters: {"id"=>"39"}
  [1m[35mUser Load (0.4ms)[0m  SELECT  "users".* FROM "users" WHERE (id=25)  ORDER BY "users"."id" ASC LIMIT 1
  [1m[36mBoard Load (0.3ms)[0m  [1mSELECT  "boards".* FROM "boards" WHERE "boards"."user_id" = $1 AND "boards"."id" = $2 LIMIT 1[0m  [["user_id", 25], ["id", 39]]
  [1m[35mPin Load (0.5ms)[0m  SELECT "pins".* FROM "pins" INNER JOIN "pinnings" ON "pins"."id" = "pinnings"."pin_id" WHERE "pinnings"."board_id" = $1  [["board_id", 39]]
  Rendered shared/_pins_list.erb (1.5ms)
  Rendered boards/show.html.erb within layouts/application (2.8ms)
  [1m[36mBoard Load (0.3ms)[0m  [1mSELECT "boards".* FROM "boards" WHERE "boards"."user_id" = $1[0m  [["user_id", 25]]
Completed 200 OK in 37ms (Views: 32.7ms | ActiveRecord: 1.6ms)


Started GET "/boards/39" for ::1 at 2016-10-23 12:43:53 -0400
Processing by BoardsController#show as HTML
  Parameters: {"id"=>"39"}
  [1m[35mUser Load (1.8ms)[0m  SELECT  "users".* FROM "users" WHERE (id=25)  ORDER BY "users"."id" ASC LIMIT 1
  [1m[36mBoard Load (0.6ms)[0m  [1mSELECT  "boards".* FROM "boards" WHERE "boards"."user_id" = $1 AND "boards"."id" = $2 LIMIT 1[0m  [["user_id", 25], ["id", 39]]
  [1m[35mPin Load (0.8ms)[0m  SELECT "pins".* FROM "pins" INNER JOIN "pinnings" ON "pins"."id" = "pinnings"."pin_id" WHERE "pinnings"."board_id" = $1  [["board_id", 39]]
  Rendered shared/_pins_list.erb (2.3ms)
  Rendered boards/show.html.erb within layouts/application (3.8ms)
  [1m[36mBoard Load (0.7ms)[0m  [1mSELECT "boards".* FROM "boards" WHERE "boards"."user_id" = $1[0m  [["user_id", 25]]
Completed 200 OK in 55ms (Views: 44.8ms | ActiveRecord: 3.9ms)


Started GET "/boards/38" for ::1 at 2016-10-23 12:43:59 -0400
Processing by BoardsController#show as HTML
  Parameters: {"id"=>"38"}
  [1m[35mUser Load (0.7ms)[0m  SELECT  "users".* FROM "users" WHERE (id=25)  ORDER BY "users"."id" ASC LIMIT 1
  [1m[36mBoard Load (1.0ms)[0m  [1mSELECT  "boards".* FROM "boards" WHERE "boards"."user_id" = $1 AND "boards"."id" = $2 LIMIT 1[0m  [["user_id", 25], ["id", 38]]
  [1m[35mPin Load (1.4ms)[0m  SELECT "pins".* FROM "pins" INNER JOIN "pinnings" ON "pins"."id" = "pinnings"."pin_id" WHERE "pinnings"."board_id" = $1  [["board_id", 38]]
  [1m[36mCategory Load (0.4ms)[0m  [1mSELECT  "categories".* FROM "categories" WHERE "categories"."id" = $1 LIMIT 1[0m  [["id", 3]]
  [1m[35mBoardPinner Load (0.4ms)[0m  SELECT "board_pinners".* FROM "board_pinners" WHERE "board_pinners"."user_id" = $1  [["user_id", 25]]
  [1m[36mBoard Load (0.4ms)[0m  [1mSELECT "boards".* FROM "boards" WHERE "boards"."user_id" = $1[0m  [["user_id", 25]]
  Rendered shared/_repin_form.erb (9.5ms)
  [1m[35mCategory Load (1.1ms)[0m  SELECT  "categories".* FROM "categories" WHERE "categories"."id" = $1 LIMIT 1  [["id", 1]]
  Rendered shared/_repin_form.erb (4.3ms)
  Rendered shared/_pins_list.erb (32.7ms)
  Rendered boards/show.html.erb within layouts/application (36.0ms)
Completed 200 OK in 93ms (Views: 80.7ms | ActiveRecord: 5.3ms)


Started POST "/pins/repin/14" for ::1 at 2016-10-23 12:44:05 -0400
Processing by PinsController#repin as HTML
  Parameters: {"utf8"=>"✓", "authenticity_token"=>"0RId8SAXwSi4EZNcvGfetvBfMAOkLaMH89JjlIOcEEpk1oCtqM0QJZWOCOmW0EG/t6rWfsJ6nTaeaJ+RWugJCA==", "pin"=>{"pinning"=>{"board_id"=>"39", "user_id"=>"25"}}, "button"=>"", "id"=>"14"}
  [1m[36mUser Load (0.5ms)[0m  [1mSELECT  "users".* FROM "users" WHERE (id=25)  ORDER BY "users"."id" ASC LIMIT 1[0m
  [1m[35mPin Load (0.4ms)[0m  SELECT  "pins".* FROM "pins" WHERE "pins"."id" = $1 LIMIT 1  [["id", 14]]
  [1m[36m (0.2ms)[0m  [1mBEGIN[0m
  [1m[35mSQL (0.9ms)[0m  INSERT INTO "pinnings" ("user_id", "board_id", "pin_id", "created_at", "updated_at") VALUES ($1, $2, $3, $4, $5) RETURNING "id"  [["user_id", 25], ["board_id", 39], ["pin_id", 14], ["created_at", "2016-10-23 16:44:05.321549"], ["updated_at", "2016-10-23 16:44:05.321549"]]
  [1m[36m (2.1ms)[0m  [1mCOMMIT[0m
Redirected to http://localhost:3000/users/25
Completed 302 Found in 14ms (ActiveRecord: 4.2ms)


Started GET "/users/25" for ::1 at 2016-10-23 12:44:05 -0400
Processing by UsersController#show as HTML
  Parameters: {"id"=>"25"}
  [1m[35mUser Load (1.3ms)[0m  SELECT  "users".* FROM "users" WHERE (id=25)  ORDER BY "users"."id" ASC LIMIT 1
  [1m[36mPin Load (3.3ms)[0m  [1mSELECT "pins".* FROM "pins" INNER JOIN "pinnings" ON "pins"."id" = "pinnings"."pin_id" WHERE "pinnings"."user_id" = $1[0m  [["user_id", 25]]
  [1m[35mCategory Load (0.6ms)[0m  SELECT  "categories".* FROM "categories" WHERE "categories"."id" = $1 LIMIT 1  [["id", 3]]
  [1m[36mBoardPinner Load (1.9ms)[0m  [1mSELECT "board_pinners".* FROM "board_pinners" WHERE "board_pinners"."user_id" = $1[0m  [["user_id", 25]]
  [1m[35mBoard Load (0.7ms)[0m  SELECT "boards".* FROM "boards" WHERE "boards"."user_id" = $1  [["user_id", 25]]
  Rendered shared/_repin_form.erb (16.3ms)
  [1m[36mCategory Load (0.3ms)[0m  [1mSELECT  "categories".* FROM "categories" WHERE "categories"."id" = $1 LIMIT 1[0m  [["id", 1]]
  Rendered shared/_repin_form.erb (5.1ms)
  [1m[35mCACHE (0.0ms)[0m  SELECT  "categories".* FROM "categories" WHERE "categories"."id" = $1 LIMIT 1  [["id", 1]]
  Rendered shared/_repin_form.erb (10.8ms)
  Rendered shared/_pins_list.erb (55.3ms)
  Rendered users/show.html.erb within layouts/application (57.2ms)
Completed 200 OK in 117ms (Views: 105.2ms | ActiveRecord: 8.3ms)


Started GET "/boards/39" for ::1 at 2016-10-23 12:44:21 -0400
Processing by BoardsController#show as HTML
  Parameters: {"id"=>"39"}
  [1m[36mUser Load (0.7ms)[0m  [1mSELECT  "users".* FROM "users" WHERE (id=25)  ORDER BY "users"."id" ASC LIMIT 1[0m
  [1m[35mBoard Load (4.8ms)[0m  SELECT  "boards".* FROM "boards" WHERE "boards"."user_id" = $1 AND "boards"."id" = $2 LIMIT 1  [["user_id", 25], ["id", 39]]
  [1m[36mPin Load (0.3ms)[0m  [1mSELECT "pins".* FROM "pins" INNER JOIN "pinnings" ON "pins"."id" = "pinnings"."pin_id" WHERE "pinnings"."board_id" = $1[0m  [["board_id", 39]]
  [1m[35mCategory Load (0.3ms)[0m  SELECT  "categories".* FROM "categories" WHERE "categories"."id" = $1 LIMIT 1  [["id", 1]]
  [1m[36mBoardPinner Load (0.3ms)[0m  [1mSELECT "board_pinners".* FROM "board_pinners" WHERE "board_pinners"."user_id" = $1[0m  [["user_id", 25]]
  [1m[35mBoard Load (0.3ms)[0m  SELECT "boards".* FROM "boards" WHERE "boards"."user_id" = $1  [["user_id", 25]]
  Rendered shared/_repin_form.erb (5.6ms)
  Rendered shared/_pins_list.erb (12.2ms)
  Rendered boards/show.html.erb within layouts/application (13.6ms)
Completed 200 OK in 74ms (Views: 61.5ms | ActiveRecord: 6.7ms)


Started GET "/pins/14/edit" for ::1 at 2016-10-23 12:44:28 -0400
Processing by PinsController#edit as HTML
  Parameters: {"id"=>"14"}
  [1m[36mUser Load (0.6ms)[0m  [1mSELECT  "users".* FROM "users" WHERE (id=25)  ORDER BY "users"."id" ASC LIMIT 1[0m
  [1m[35mPin Load (0.4ms)[0m  SELECT  "pins".* FROM "pins" WHERE "pins"."id" = $1 LIMIT 1  [["id", 14]]
  [1m[36mPinning Load (1.8ms)[0m  [1mSELECT  "pinnings".* FROM "pinnings" WHERE "pinnings"."pin_id" = $1 LIMIT 1[0m  [["pin_id", 14]]
  [1m[35mCategory Load (0.5ms)[0m  SELECT "categories".* FROM "categories"
  [1m[36mBoardPinner Load (0.4ms)[0m  [1mSELECT "board_pinners".* FROM "board_pinners" WHERE "board_pinners"."user_id" = $1[0m  [["user_id", 25]]
  [1m[35mBoard Load (0.3ms)[0m  SELECT "boards".* FROM "boards" WHERE "boards"."user_id" = $1  [["user_id", 25]]
  Rendered pins/_form.erb (8.9ms)
  Rendered pins/edit.erb within layouts/application (10.1ms)
Completed 200 OK in 73ms (Views: 64.0ms | ActiveRecord: 4.0ms)


Started PATCH "/pins/14" for ::1 at 2016-10-23 12:46:14 -0400
Processing by PinsController#update as HTML
  Parameters: {"utf8"=>"✓", "authenticity_token"=>"jCpPqiCDosmg0kIcH2hN9z32hOWbaqzQPOV326cWva857tL2qFlzxI1N2ak139L+egNimP09kuFRX4vefmKk7Q==", "pin"=>{"user_id"=>"25", "title"=>"Linear Algebra", "category_id"=>"1", "image"=>#<ActionDispatch::Http::UploadedFile:0x007fd8641fdee0 @tempfile=#<Tempfile:/var/folders/gl/828jk0jn2rn7bpgswkrqwg400000gn/T/RackMultipart20161023-20168-gkjuyy.jpg>, @original_filename="IMG_20160126_151956.jpg", @content_type="image/jpeg", @headers="Content-Disposition: form-data; name=\"pin[image]\"; filename=\"IMG_20160126_151956.jpg\"\r\nContent-Type: image/jpeg\r\n">, "url"=>"https://uwaterloo.ca", "slug"=>"Math", "text"=>"Math", "pinning"=>{"board_id"=>"38", "user_id"=>"25"}}, "commit"=>"submit", "id"=>"14"}
  [1m[36mUser Load (0.4ms)[0m  [1mSELECT  "users".* FROM "users" WHERE (id=25)  ORDER BY "users"."id" ASC LIMIT 1[0m
  [1m[35mPin Load (0.3ms)[0m  SELECT  "pins".* FROM "pins" WHERE "pins"."id" = $1 LIMIT 1  [["id", 14]]
  [1m[36mPinning Load (0.3ms)[0m  [1mSELECT  "pinnings".* FROM "pinnings" WHERE "pinnings"."pin_id" = $1 LIMIT 1[0m  [["pin_id", 14]]
  [1m[35m (0.2ms)[0m  BEGIN
  [1m[36mSQL (0.3ms)[0m  [1mUPDATE "pinnings" SET "board_id" = $1, "updated_at" = $2 WHERE "pinnings"."id" = $3[0m  [["board_id", 38], ["updated_at", "2016-10-23 16:46:14.716230"], ["id", 38]]
  [1m[35m (6.0ms)[0m  COMMIT
Unpermitted parameter: pinning
  [1m[36m (0.2ms)[0m  [1mBEGIN[0m
[AWS S3 404 2.221625 0 retries] head_object(:bucket_name=>"skillcrush-rails",:key=>"pins/images/000/000/014/original/Screenshot_2016-01-29_10.08.29.png") AWS::S3::Errors::NoSuchKey No Such Key

[AWS S3 404 0.484603 0 retries] head_object(:bucket_name=>"skillcrush-rails",:key=>"pins/images/000/000/014/medium/Screenshot_2016-01-29_10.08.29.png") AWS::S3::Errors::NoSuchKey No Such Key

[AWS S3 404 0.480274 0 retries] head_object(:bucket_name=>"skillcrush-rails",:key=>"pins/images/000/000/014/thumb/Screenshot_2016-01-29_10.08.29.png") AWS::S3::Errors::NoSuchKey No Such Key

Command :: PATH=/usr/local/bin/convert:$PATH; file -b --mime '/var/folders/gl/828jk0jn2rn7bpgswkrqwg400000gn/T/9ceeba7f296e38ae604a98ae174fb00520161023-20168-1d7uoi0.jpg'
Command :: PATH=/usr/local/bin/convert:$PATH; identify -format '%wx%h,%[exif:orientation]' '/var/folders/gl/828jk0jn2rn7bpgswkrqwg400000gn/T/9ceeba7f296e38ae604a98ae174fb00520161023-20168-v5jorc.jpg[0]' 2>/dev/null
Command :: PATH=/usr/local/bin/convert:$PATH; identify -format %m '/var/folders/gl/828jk0jn2rn7bpgswkrqwg400000gn/T/9ceeba7f296e38ae604a98ae174fb00520161023-20168-v5jorc.jpg[0]'
Command :: PATH=/usr/local/bin/convert:$PATH; convert '/var/folders/gl/828jk0jn2rn7bpgswkrqwg400000gn/T/9ceeba7f296e38ae604a98ae174fb00520161023-20168-v5jorc.jpg[0]' -auto-orient -resize "300x300>" '/var/folders/gl/828jk0jn2rn7bpgswkrqwg400000gn/T/6e9f1843a31146c47b14801278f0473c20161023-20168-1krlxvn'
Command :: PATH=/usr/local/bin/convert:$PATH; identify -format '%wx%h,%[exif:orientation]' '/var/folders/gl/828jk0jn2rn7bpgswkrqwg400000gn/T/9ceeba7f296e38ae604a98ae174fb00520161023-20168-v5jorc.jpg[0]' 2>/dev/null
Command :: PATH=/usr/local/bin/convert:$PATH; identify -format %m '/var/folders/gl/828jk0jn2rn7bpgswkrqwg400000gn/T/9ceeba7f296e38ae604a98ae174fb00520161023-20168-v5jorc.jpg[0]'
Command :: PATH=/usr/local/bin/convert:$PATH; convert '/var/folders/gl/828jk0jn2rn7bpgswkrqwg400000gn/T/9ceeba7f296e38ae604a98ae174fb00520161023-20168-v5jorc.jpg[0]' -auto-orient -resize "60x60>" '/var/folders/gl/828jk0jn2rn7bpgswkrqwg400000gn/T/6e9f1843a31146c47b14801278f0473c20161023-20168-z3vfc1'
  [1m[35mPin Exists (0.4ms)[0m  SELECT  1 AS one FROM "pins" WHERE ("pins"."slug" = 'Math' AND "pins"."id" != 14) LIMIT 1
Command :: PATH=/usr/local/bin/convert:$PATH; file -b --mime '/var/folders/gl/828jk0jn2rn7bpgswkrqwg400000gn/T/9ceeba7f296e38ae604a98ae174fb00520161023-20168-6v4mc.jpg'
  [1m[36mSQL (6.3ms)[0m  [1mUPDATE "pins" SET "title" = $1, "url" = $2, "slug" = $3, "text" = $4, "image_file_name" = $5, "image_content_type" = $6, "image_file_size" = $7, "image_updated_at" = $8, "user_id" = $9 WHERE "pins"."id" = $10[0m  [["title", "Linear Algebra"], ["url", "https://uwaterloo.ca"], ["slug", "Math"], ["text", "Math"], ["image_file_name", "IMG_20160126_151956.jpg"], ["image_content_type", "image/jpeg"], ["image_file_size", 1608413], ["image_updated_at", "2016-10-23 16:46:18.038034"], ["user_id", 25], ["id", 14]]
[paperclip] saving /pins/images/000/000/014/original/IMG_20160126_151956.jpg
[AWS S3 200 56.782445 0 retries] put_object(:acl=>:public_read,:bucket_name=>"skillcrush-rails",:content_length=>1608413,:content_type=>"image/jpeg",:data=>Paperclip::UploadedFileAdapter: IMG_20160126_151956.jpg,:key=>"pins/images/000/000/014/original/IMG_20160126_151956.jpg")  

[paperclip] saving /pins/images/000/000/014/medium/IMG_20160126_151956.jpg
[AWS S3 200 1.684559 0 retries] put_object(:acl=>:public_read,:bucket_name=>"skillcrush-rails",:content_length=>38286,:content_type=>"image/jpeg",:data=>Paperclip::FileAdapter: 6e9f1843a31146c47b14801278f0473c20161023-20168-1krlxvn,:key=>"pins/images/000/000/014/medium/IMG_20160126_151956.jpg")  

[paperclip] saving /pins/images/000/000/014/thumb/IMG_20160126_151956.jpg
[AWS S3 200 0.653768 0 retries] put_object(:acl=>:public_read,:bucket_name=>"skillcrush-rails",:content_length=>21332,:content_type=>"image/jpeg",:data=>Paperclip::FileAdapter: 6e9f1843a31146c47b14801278f0473c20161023-20168-z3vfc1,:key=>"pins/images/000/000/014/thumb/IMG_20160126_151956.jpg")  

  [1m[35m (1.3ms)[0m  COMMIT
Redirected to http://localhost:3000/pins/14
Completed 302 Found in 63740ms (ActiveRecord: 15.8ms)


Started GET "/pins/14" for ::1 at 2016-10-23 12:47:18 -0400
Processing by PinsController#show as HTML
  Parameters: {"id"=>"14"}
  [1m[36mPin Load (0.4ms)[0m  [1mSELECT  "pins".* FROM "pins" WHERE "pins"."id" = $1 LIMIT 1[0m  [["id", 14]]
  [1m[35mUser Load (0.5ms)[0m  SELECT  "users".* FROM "users" WHERE (id=25)  ORDER BY "users"."id" ASC LIMIT 1
  [1m[36mPinning Load (0.4ms)[0m  [1mSELECT  "pinnings".* FROM "pinnings" WHERE "pinnings"."pin_id" = $1 LIMIT 1[0m  [["pin_id", 14]]
  [1m[35mBoard Load (0.4ms)[0m  SELECT  "boards".* FROM "boards" WHERE "boards"."id" = $1 LIMIT 1  [["id", 17]]
  [1m[36mBoardPinner Load (0.3ms)[0m  [1mSELECT "board_pinners".* FROM "board_pinners" WHERE "board_pinners"."user_id" = $1[0m  [["user_id", 25]]
  [1m[35mBoard Load (0.4ms)[0m  SELECT "boards".* FROM "boards" WHERE "boards"."user_id" = $1  [["user_id", 25]]
  Rendered shared/_repin_form.erb (7.8ms)
  [1m[36mUser Load (0.7ms)[0m  [1mSELECT "users".* FROM "users" INNER JOIN "pinnings" ON "users"."id" = "pinnings"."user_id" WHERE "pinnings"."pin_id" = $1[0m  [["pin_id", 14]]
  Rendered pins/show.erb within layouts/application (26.6ms)
Completed 200 OK in 85ms (Views: 74.0ms | ActiveRecord: 3.1ms)


Started GET "/" for ::1 at 2016-10-23 12:47:50 -0400
Processing by PinsController#index as HTML
  [1m[35mUser Load (0.6ms)[0m  SELECT  "users".* FROM "users" WHERE (id=25)  ORDER BY "users"."id" ASC LIMIT 1
  [1m[36mPin Load (0.5ms)[0m  [1mSELECT "pins".* FROM "pins"[0m
  [1m[35mCategory Load (0.3ms)[0m  SELECT  "categories".* FROM "categories" WHERE "categories"."id" = $1 LIMIT 1  [["id", 3]]
  [1m[36mBoardPinner Load (0.3ms)[0m  [1mSELECT "board_pinners".* FROM "board_pinners" WHERE "board_pinners"."user_id" = $1[0m  [["user_id", 25]]
  [1m[35mBoard Load (0.2ms)[0m  SELECT "boards".* FROM "boards" WHERE "boards"."user_id" = $1  [["user_id", 25]]
  Rendered shared/_repin_form.erb (5.2ms)
  [1m[36mCACHE (0.0ms)[0m  [1mSELECT  "categories".* FROM "categories" WHERE "categories"."id" = $1 LIMIT 1[0m  [["id", 3]]
  Rendered shared/_repin_form.erb (2.7ms)
  [1m[35mCACHE (0.0ms)[0m  SELECT  "categories".* FROM "categories" WHERE "categories"."id" = $1 LIMIT 1  [["id", 3]]
  Rendered shared/_repin_form.erb (4.9ms)
  [1m[36mCategory Load (1.9ms)[0m  [1mSELECT  "categories".* FROM "categories" WHERE "categories"."id" = $1 LIMIT 1[0m  [["id", 1]]
  Rendered shared/_repin_form.erb (6.3ms)
  [1m[35mCategory Load (1.3ms)[0m  SELECT  "categories".* FROM "categories" WHERE "categories"."id" = $1 LIMIT 1  [["id", 2]]
  Rendered shared/_repin_form.erb (4.4ms)
  [1m[36mCACHE (0.0ms)[0m  [1mSELECT  "categories".* FROM "categories" WHERE "categories"."id" = $1 LIMIT 1[0m  [["id", 1]]
  Rendered shared/_repin_form.erb (5.3ms)
  [1m[35mCACHE (0.0ms)[0m  SELECT  "categories".* FROM "categories" WHERE "categories"."id" = $1 LIMIT 1  [["id", 2]]
  Rendered shared/_repin_form.erb (2.8ms)
  [1m[36mCACHE (0.0ms)[0m  [1mSELECT  "categories".* FROM "categories" WHERE "categories"."id" = $1 LIMIT 1[0m  [["id", 3]]
  Rendered shared/_repin_form.erb (2.8ms)
  [1m[35mCACHE (0.0ms)[0m  SELECT  "categories".* FROM "categories" WHERE "categories"."id" = $1 LIMIT 1  [["id", 3]]
  Rendered shared/_repin_form.erb (5.9ms)
  [1m[36mCACHE (0.0ms)[0m  [1mSELECT  "categories".* FROM "categories" WHERE "categories"."id" = $1 LIMIT 1[0m  [["id", 3]]
  Rendered shared/_repin_form.erb (2.6ms)
  [1m[35mCACHE (0.0ms)[0m  SELECT  "categories".* FROM "categories" WHERE "categories"."id" = $1 LIMIT 1  [["id", 2]]
  Rendered shared/_repin_form.erb (2.3ms)
  [1m[36mCACHE (0.0ms)[0m  [1mSELECT  "categories".* FROM "categories" WHERE "categories"."id" = $1 LIMIT 1[0m  [["id", 1]]
  Rendered shared/_repin_form.erb (2.3ms)
  [1m[35mCACHE (0.0ms)[0m  SELECT  "categories".* FROM "categories" WHERE "categories"."id" = $1 LIMIT 1  [["id", 3]]
  Rendered shared/_repin_form.erb (2.3ms)
  [1m[36mCACHE (0.0ms)[0m  [1mSELECT  "categories".* FROM "categories" WHERE "categories"."id" = $1 LIMIT 1[0m  [["id", 1]]
  Rendered shared/_repin_form.erb (4.4ms)
  [1m[35mCACHE (0.0ms)[0m  SELECT  "categories".* FROM "categories" WHERE "categories"."id" = $1 LIMIT 1  [["id", 3]]
  Rendered shared/_repin_form.erb (3.6ms)
  [1m[36mCACHE (0.0ms)[0m  [1mSELECT  "categories".* FROM "categories" WHERE "categories"."id" = $1 LIMIT 1[0m  [["id", 3]]
  Rendered shared/_repin_form.erb (3.9ms)
  [1m[35mCACHE (0.0ms)[0m  SELECT  "categories".* FROM "categories" WHERE "categories"."id" = $1 LIMIT 1  [["id", 3]]
  Rendered shared/_repin_form.erb (2.1ms)
  [1m[36mCACHE (0.0ms)[0m  [1mSELECT  "categories".* FROM "categories" WHERE "categories"."id" = $1 LIMIT 1[0m  [["id", 3]]
  Rendered shared/_repin_form.erb (2.1ms)
  [1m[35mCACHE (0.0ms)[0m  SELECT  "categories".* FROM "categories" WHERE "categories"."id" = $1 LIMIT 1  [["id", 1]]
  Rendered shared/_repin_form.erb (2.2ms)
  [1m[36mCACHE (0.0ms)[0m  [1mSELECT  "categories".* FROM "categories" WHERE "categories"."id" = $1 LIMIT 1[0m  [["id", 1]]
  Rendered shared/_repin_form.erb (2.2ms)
  [1m[35mCACHE (0.0ms)[0m  SELECT  "categories".* FROM "categories" WHERE "categories"."id" = $1 LIMIT 1  [["id", 1]]
  Rendered shared/_repin_form.erb (2.0ms)
  [1m[36mCACHE (0.0ms)[0m  [1mSELECT  "categories".* FROM "categories" WHERE "categories"."id" = $1 LIMIT 1[0m  [["id", 1]]
  Rendered shared/_repin_form.erb (2.3ms)
  Rendered shared/_pins_list.erb (176.0ms)
  Rendered pins/index.erb within layouts/application (177.4ms)
Completed 200 OK in 215ms (Views: 206.9ms | ActiveRecord: 5.4ms)


Started GET "/boards/39" for ::1 at 2016-10-23 12:48:01 -0400
Processing by BoardsController#show as HTML
  Parameters: {"id"=>"39"}
  [1m[35mUser Load (0.6ms)[0m  SELECT  "users".* FROM "users" WHERE (id=25)  ORDER BY "users"."id" ASC LIMIT 1
  [1m[36mBoard Load (0.4ms)[0m  [1mSELECT  "boards".* FROM "boards" WHERE "boards"."user_id" = $1 AND "boards"."id" = $2 LIMIT 1[0m  [["user_id", 25], ["id", 39]]
  [1m[35mPin Load (0.3ms)[0m  SELECT "pins".* FROM "pins" INNER JOIN "pinnings" ON "pins"."id" = "pinnings"."pin_id" WHERE "pinnings"."board_id" = $1  [["board_id", 39]]
  [1m[36mCategory Load (0.2ms)[0m  [1mSELECT  "categories".* FROM "categories" WHERE "categories"."id" = $1 LIMIT 1[0m  [["id", 1]]
  [1m[35mBoardPinner Load (0.3ms)[0m  SELECT "board_pinners".* FROM "board_pinners" WHERE "board_pinners"."user_id" = $1  [["user_id", 25]]
  [1m[36mBoard Load (0.3ms)[0m  [1mSELECT "boards".* FROM "boards" WHERE "boards"."user_id" = $1[0m  [["user_id", 25]]
  Rendered shared/_repin_form.erb (10.3ms)
  Rendered shared/_pins_list.erb (16.6ms)
  Rendered boards/show.html.erb within layouts/application (17.9ms)
Completed 200 OK in 68ms (Views: 62.0ms | ActiveRecord: 2.1ms)


Started GET "/boards/38" for ::1 at 2016-10-23 12:48:13 -0400
Processing by BoardsController#show as HTML
  Parameters: {"id"=>"38"}
  [1m[35mUser Load (0.5ms)[0m  SELECT  "users".* FROM "users" WHERE (id=25)  ORDER BY "users"."id" ASC LIMIT 1
  [1m[36mBoard Load (0.3ms)[0m  [1mSELECT  "boards".* FROM "boards" WHERE "boards"."user_id" = $1 AND "boards"."id" = $2 LIMIT 1[0m  [["user_id", 25], ["id", 38]]
  [1m[35mPin Load (0.3ms)[0m  SELECT "pins".* FROM "pins" INNER JOIN "pinnings" ON "pins"."id" = "pinnings"."pin_id" WHERE "pinnings"."board_id" = $1  [["board_id", 38]]
  [1m[36mCategory Load (0.3ms)[0m  [1mSELECT  "categories".* FROM "categories" WHERE "categories"."id" = $1 LIMIT 1[0m  [["id", 3]]
  [1m[35mBoardPinner Load (0.4ms)[0m  SELECT "board_pinners".* FROM "board_pinners" WHERE "board_pinners"."user_id" = $1  [["user_id", 25]]
  [1m[36mBoard Load (0.4ms)[0m  [1mSELECT "boards".* FROM "boards" WHERE "boards"."user_id" = $1[0m  [["user_id", 25]]
  Rendered shared/_repin_form.erb (7.7ms)
  [1m[35mCategory Load (0.2ms)[0m  SELECT  "categories".* FROM "categories" WHERE "categories"."id" = $1 LIMIT 1  [["id", 1]]
  Rendered shared/_repin_form.erb (14.8ms)
  [1m[36mCACHE (0.0ms)[0m  [1mSELECT  "categories".* FROM "categories" WHERE "categories"."id" = $1 LIMIT 1[0m  [["id", 1]]
  Rendered shared/_repin_form.erb (6.8ms)
  Rendered shared/_pins_list.erb (50.4ms)
  Rendered boards/show.html.erb within layouts/application (52.0ms)
Completed 200 OK in 87ms (Views: 78.4ms | ActiveRecord: 2.4ms)


Started GET "/pins/14/edit" for ::1 at 2016-10-23 12:48:19 -0400
Processing by PinsController#edit as HTML
  Parameters: {"id"=>"14"}
  [1m[35mUser Load (0.7ms)[0m  SELECT  "users".* FROM "users" WHERE (id=25)  ORDER BY "users"."id" ASC LIMIT 1
  [1m[36mPin Load (0.3ms)[0m  [1mSELECT  "pins".* FROM "pins" WHERE "pins"."id" = $1 LIMIT 1[0m  [["id", 14]]
  [1m[35mPinning Load (0.5ms)[0m  SELECT  "pinnings".* FROM "pinnings" WHERE "pinnings"."pin_id" = $1 LIMIT 1  [["pin_id", 14]]
  [1m[36mCategory Load (0.4ms)[0m  [1mSELECT "categories".* FROM "categories"[0m
  [1m[35mBoardPinner Load (0.3ms)[0m  SELECT "board_pinners".* FROM "board_pinners" WHERE "board_pinners"."user_id" = $1  [["user_id", 25]]
  [1m[36mBoard Load (0.3ms)[0m  [1mSELECT "boards".* FROM "boards" WHERE "boards"."user_id" = $1[0m  [["user_id", 25]]
  Rendered pins/_form.erb (7.3ms)
  Rendered pins/edit.erb within layouts/application (8.3ms)
Completed 200 OK in 67ms (Views: 57.6ms | ActiveRecord: 2.4ms)


Started PATCH "/pins/14" for ::1 at 2016-10-23 12:48:29 -0400
Processing by PinsController#update as HTML
  Parameters: {"utf8"=>"✓", "authenticity_token"=>"PvY1LghC+B0d0teDB68rasTK/ppO2EPIoUzpeWpBYTGLMqhygJgpEDBNTDYtGLRjgz8Y5yiPffnM9hV8szV4cw==", "pin"=>{"user_id"=>"25", "title"=>"Linear Algebra", "category_id"=>"3", "url"=>"https://uwaterloo.ca", "slug"=>"Math", "text"=>"Math", "pinning"=>{"board_id"=>"38", "user_id"=>"25"}}, "commit"=>"submit", "id"=>"14"}
  [1m[35mUser Load (0.4ms)[0m  SELECT  "users".* FROM "users" WHERE (id=25)  ORDER BY "users"."id" ASC LIMIT 1
  [1m[36mPin Load (0.2ms)[0m  [1mSELECT  "pins".* FROM "pins" WHERE "pins"."id" = $1 LIMIT 1[0m  [["id", 14]]
  [1m[35mPinning Load (0.3ms)[0m  SELECT  "pinnings".* FROM "pinnings" WHERE "pinnings"."pin_id" = $1 LIMIT 1  [["pin_id", 14]]
  [1m[36m (0.3ms)[0m  [1mBEGIN[0m
  [1m[35mSQL (0.3ms)[0m  UPDATE "pinnings" SET "board_id" = $1, "updated_at" = $2 WHERE "pinnings"."id" = $3  [["board_id", 38], ["updated_at", "2016-10-23 16:48:29.980628"], ["id", 111]]
  [1m[36m (0.3ms)[0m  [1mCOMMIT[0m
Unpermitted parameter: pinning
  [1m[35m (0.2ms)[0m  BEGIN
  [1m[36mPin Exists (0.3ms)[0m  [1mSELECT  1 AS one FROM "pins" WHERE ("pins"."slug" = 'Math' AND "pins"."id" != 14) LIMIT 1[0m
  [1m[35mSQL (0.5ms)[0m  UPDATE "pins" SET "category_id" = $1 WHERE "pins"."id" = $2  [["category_id", 3], ["id", 14]]
  [1m[36m (0.3ms)[0m  [1mCOMMIT[0m
Redirected to http://localhost:3000/pins/14
Completed 302 Found in 13ms (ActiveRecord: 3.3ms)


Started GET "/pins/14" for ::1 at 2016-10-23 12:48:29 -0400
Processing by PinsController#show as HTML
  Parameters: {"id"=>"14"}
  [1m[35mPin Load (0.2ms)[0m  SELECT  "pins".* FROM "pins" WHERE "pins"."id" = $1 LIMIT 1  [["id", 14]]
  [1m[36mUser Load (0.4ms)[0m  [1mSELECT  "users".* FROM "users" WHERE (id=25)  ORDER BY "users"."id" ASC LIMIT 1[0m
  [1m[35mPinning Load (0.3ms)[0m  SELECT  "pinnings".* FROM "pinnings" WHERE "pinnings"."pin_id" = $1 LIMIT 1  [["pin_id", 14]]
  [1m[36mBoard Load (0.8ms)[0m  [1mSELECT  "boards".* FROM "boards" WHERE "boards"."id" = $1 LIMIT 1[0m  [["id", 36]]
  [1m[35mBoardPinner Load (0.3ms)[0m  SELECT "board_pinners".* FROM "board_pinners" WHERE "board_pinners"."user_id" = $1  [["user_id", 25]]
  [1m[36mBoard Load (0.2ms)[0m  [1mSELECT "boards".* FROM "boards" WHERE "boards"."user_id" = $1[0m  [["user_id", 25]]
  Rendered shared/_repin_form.erb (7.5ms)
  [1m[35mUser Load (0.6ms)[0m  SELECT "users".* FROM "users" INNER JOIN "pinnings" ON "users"."id" = "pinnings"."user_id" WHERE "pinnings"."pin_id" = $1  [["pin_id", 14]]
  Rendered pins/show.erb within layouts/application (15.0ms)
Completed 200 OK in 54ms (Views: 47.5ms | ActiveRecord: 2.9ms)


Started GET "/" for ::1 at 2016-10-23 12:48:38 -0400
Processing by PinsController#index as HTML
  [1m[36mUser Load (0.5ms)[0m  [1mSELECT  "users".* FROM "users" WHERE (id=25)  ORDER BY "users"."id" ASC LIMIT 1[0m
  [1m[35mPin Load (0.7ms)[0m  SELECT "pins".* FROM "pins"
  [1m[36mCategory Load (0.4ms)[0m  [1mSELECT  "categories".* FROM "categories" WHERE "categories"."id" = $1 LIMIT 1[0m  [["id", 3]]
  [1m[35mBoardPinner Load (0.3ms)[0m  SELECT "board_pinners".* FROM "board_pinners" WHERE "board_pinners"."user_id" = $1  [["user_id", 25]]
  [1m[36mBoard Load (0.3ms)[0m  [1mSELECT "boards".* FROM "boards" WHERE "boards"."user_id" = $1[0m  [["user_id", 25]]
  Rendered shared/_repin_form.erb (6.3ms)
  [1m[35mCACHE (0.1ms)[0m  SELECT  "categories".* FROM "categories" WHERE "categories"."id" = $1 LIMIT 1  [["id", 3]]
  Rendered shared/_repin_form.erb (7.4ms)
  [1m[36mCACHE (0.0ms)[0m  [1mSELECT  "categories".* FROM "categories" WHERE "categories"."id" = $1 LIMIT 1[0m  [["id", 3]]
  Rendered shared/_repin_form.erb (4.9ms)
  [1m[35mCACHE (0.0ms)[0m  SELECT  "categories".* FROM "categories" WHERE "categories"."id" = $1 LIMIT 1  [["id", 3]]
  Rendered shared/_repin_form.erb (7.0ms)
  [1m[36mCategory Load (1.1ms)[0m  [1mSELECT  "categories".* FROM "categories" WHERE "categories"."id" = $1 LIMIT 1[0m  [["id", 2]]
  Rendered shared/_repin_form.erb (2.3ms)
  [1m[35mCategory Load (0.3ms)[0m  SELECT  "categories".* FROM "categories" WHERE "categories"."id" = $1 LIMIT 1  [["id", 1]]
  Rendered shared/_repin_form.erb (2.4ms)
  [1m[36mCACHE (0.0ms)[0m  [1mSELECT  "categories".* FROM "categories" WHERE "categories"."id" = $1 LIMIT 1[0m  [["id", 2]]
  Rendered shared/_repin_form.erb (2.5ms)
  [1m[35mCACHE (0.0ms)[0m  SELECT  "categories".* FROM "categories" WHERE "categories"."id" = $1 LIMIT 1  [["id", 3]]
  Rendered shared/_repin_form.erb (2.3ms)
  [1m[36mCACHE (0.0ms)[0m  [1mSELECT  "categories".* FROM "categories" WHERE "categories"."id" = $1 LIMIT 1[0m  [["id", 3]]
  Rendered shared/_repin_form.erb (5.9ms)
  [1m[35mCACHE (0.0ms)[0m  SELECT  "categories".* FROM "categories" WHERE "categories"."id" = $1 LIMIT 1  [["id", 3]]
  Rendered shared/_repin_form.erb (3.1ms)
  [1m[36mCACHE (0.0ms)[0m  [1mSELECT  "categories".* FROM "categories" WHERE "categories"."id" = $1 LIMIT 1[0m  [["id", 2]]
  Rendered shared/_repin_form.erb (5.4ms)
  [1m[35mCACHE (0.0ms)[0m  SELECT  "categories".* FROM "categories" WHERE "categories"."id" = $1 LIMIT 1  [["id", 1]]
  Rendered shared/_repin_form.erb (2.3ms)
  [1m[36mCACHE (0.0ms)[0m  [1mSELECT  "categories".* FROM "categories" WHERE "categories"."id" = $1 LIMIT 1[0m  [["id", 3]]
  Rendered shared/_repin_form.erb (2.2ms)
  [1m[35mCACHE (0.0ms)[0m  SELECT  "categories".* FROM "categories" WHERE "categories"."id" = $1 LIMIT 1  [["id", 1]]
  Rendered shared/_repin_form.erb (2.1ms)
  [1m[36mCACHE (0.0ms)[0m  [1mSELECT  "categories".* FROM "categories" WHERE "categories"."id" = $1 LIMIT 1[0m  [["id", 3]]
  Rendered shared/_repin_form.erb (8.0ms)
  [1m[35mCACHE (0.0ms)[0m  SELECT  "categories".* FROM "categories" WHERE "categories"."id" = $1 LIMIT 1  [["id", 3]]
  Rendered shared/_repin_form.erb (2.7ms)
  [1m[36mCACHE (0.0ms)[0m  [1mSELECT  "categories".* FROM "categories" WHERE "categories"."id" = $1 LIMIT 1[0m  [["id", 3]]
  Rendered shared/_repin_form.erb (3.3ms)
  [1m[35mCACHE (0.0ms)[0m  SELECT  "categories".* FROM "categories" WHERE "categories"."id" = $1 LIMIT 1  [["id", 3]]
  Rendered shared/_repin_form.erb (2.6ms)
  [1m[36mCACHE (0.0ms)[0m  [1mSELECT  "categories".* FROM "categories" WHERE "categories"."id" = $1 LIMIT 1[0m  [["id", 1]]
  Rendered shared/_repin_form.erb (2.0ms)
  [1m[35mCACHE (0.0ms)[0m  SELECT  "categories".* FROM "categories" WHERE "categories"."id" = $1 LIMIT 1  [["id", 1]]
  Rendered shared/_repin_form.erb (2.7ms)
  [1m[36mCACHE (0.0ms)[0m  [1mSELECT  "categories".* FROM "categories" WHERE "categories"."id" = $1 LIMIT 1[0m  [["id", 1]]
  Rendered shared/_repin_form.erb (2.3ms)
  [1m[35mCACHE (0.0ms)[0m  SELECT  "categories".* FROM "categories" WHERE "categories"."id" = $1 LIMIT 1  [["id", 1]]
  Rendered shared/_repin_form.erb (3.2ms)
  Rendered shared/_pins_list.erb (174.8ms)
  Rendered pins/index.erb within layouts/application (176.8ms)
Completed 200 OK in 205ms (Views: 199.2ms | ActiveRecord: 3.9ms)


Started GET "/users/25" for ::1 at 2016-10-23 12:48:42 -0400
Processing by UsersController#show as HTML
  Parameters: {"id"=>"25"}
  [1m[36mUser Load (0.7ms)[0m  [1mSELECT  "users".* FROM "users" WHERE (id=25)  ORDER BY "users"."id" ASC LIMIT 1[0m
  [1m[35mPin Load (0.5ms)[0m  SELECT "pins".* FROM "pins" INNER JOIN "pinnings" ON "pins"."id" = "pinnings"."pin_id" WHERE "pinnings"."user_id" = $1  [["user_id", 25]]
  [1m[36mCategory Load (0.3ms)[0m  [1mSELECT  "categories".* FROM "categories" WHERE "categories"."id" = $1 LIMIT 1[0m  [["id", 3]]
  [1m[35mBoardPinner Load (0.3ms)[0m  SELECT "board_pinners".* FROM "board_pinners" WHERE "board_pinners"."user_id" = $1  [["user_id", 25]]
  [1m[36mBoard Load (0.3ms)[0m  [1mSELECT "boards".* FROM "boards" WHERE "boards"."user_id" = $1[0m  [["user_id", 25]]
  Rendered shared/_repin_form.erb (6.0ms)
  [1m[35mCACHE (0.0ms)[0m  SELECT  "categories".* FROM "categories" WHERE "categories"."id" = $1 LIMIT 1  [["id", 3]]
  Rendered shared/_repin_form.erb (10.0ms)
  [1m[36mCACHE (0.0ms)[0m  [1mSELECT  "categories".* FROM "categories" WHERE "categories"."id" = $1 LIMIT 1[0m  [["id", 3]]
  Rendered shared/_repin_form.erb (5.8ms)
  Rendered shared/_pins_list.erb (36.9ms)
  Rendered users/show.html.erb within layouts/application (40.3ms)
Completed 200 OK in 86ms (Views: 79.7ms | ActiveRecord: 2.1ms)


Started GET "/" for ::1 at 2016-10-23 12:49:15 -0400
Processing by PinsController#index as HTML
  [1m[35mUser Load (0.5ms)[0m  SELECT  "users".* FROM "users" WHERE (id=25)  ORDER BY "users"."id" ASC LIMIT 1
  [1m[36mPin Load (0.5ms)[0m  [1mSELECT "pins".* FROM "pins"[0m
  [1m[35mCategory Load (0.2ms)[0m  SELECT  "categories".* FROM "categories" WHERE "categories"."id" = $1 LIMIT 1  [["id", 3]]
  [1m[36mBoardPinner Load (0.3ms)[0m  [1mSELECT "board_pinners".* FROM "board_pinners" WHERE "board_pinners"."user_id" = $1[0m  [["user_id", 25]]
  [1m[35mBoard Load (0.3ms)[0m  SELECT "boards".* FROM "boards" WHERE "boards"."user_id" = $1  [["user_id", 25]]
  Rendered shared/_repin_form.erb (8.4ms)
  [1m[36mCACHE (0.0ms)[0m  [1mSELECT  "categories".* FROM "categories" WHERE "categories"."id" = $1 LIMIT 1[0m  [["id", 3]]
  Rendered shared/_repin_form.erb (11.8ms)
  [1m[35mCACHE (0.0ms)[0m  SELECT  "categories".* FROM "categories" WHERE "categories"."id" = $1 LIMIT 1  [["id", 3]]
  Rendered shared/_repin_form.erb (4.6ms)
  [1m[36mCACHE (0.0ms)[0m  [1mSELECT  "categories".* FROM "categories" WHERE "categories"."id" = $1 LIMIT 1[0m  [["id", 3]]
  Rendered shared/_repin_form.erb (6.4ms)
  [1m[35mCategory Load (0.4ms)[0m  SELECT  "categories".* FROM "categories" WHERE "categories"."id" = $1 LIMIT 1  [["id", 2]]
  Rendered shared/_repin_form.erb (4.9ms)
  [1m[36mCategory Load (0.4ms)[0m  [1mSELECT  "categories".* FROM "categories" WHERE "categories"."id" = $1 LIMIT 1[0m  [["id", 1]]
  Rendered shared/_repin_form.erb (7.0ms)
  [1m[35mCACHE (0.1ms)[0m  SELECT  "categories".* FROM "categories" WHERE "categories"."id" = $1 LIMIT 1  [["id", 2]]
  Rendered shared/_repin_form.erb (6.7ms)
  [1m[36mCACHE (0.0ms)[0m  [1mSELECT  "categories".* FROM "categories" WHERE "categories"."id" = $1 LIMIT 1[0m  [["id", 3]]
  Rendered shared/_repin_form.erb (5.1ms)
  [1m[35mCACHE (0.0ms)[0m  SELECT  "categories".* FROM "categories" WHERE "categories"."id" = $1 LIMIT 1  [["id", 3]]
  Rendered shared/_repin_form.erb (4.8ms)
  [1m[36mCACHE (0.0ms)[0m  [1mSELECT  "categories".* FROM "categories" WHERE "categories"."id" = $1 LIMIT 1[0m  [["id", 3]]
  Rendered shared/_repin_form.erb (3.6ms)
  [1m[35mCACHE (0.0ms)[0m  SELECT  "categories".* FROM "categories" WHERE "categories"."id" = $1 LIMIT 1  [["id", 2]]
  Rendered shared/_repin_form.erb (5.8ms)
  [1m[36mCACHE (0.1ms)[0m  [1mSELECT  "categories".* FROM "categories" WHERE "categories"."id" = $1 LIMIT 1[0m  [["id", 1]]
  Rendered shared/_repin_form.erb (4.1ms)
  [1m[35mCACHE (0.0ms)[0m  SELECT  "categories".* FROM "categories" WHERE "categories"."id" = $1 LIMIT 1  [["id", 3]]
  Rendered shared/_repin_form.erb (5.2ms)
  [1m[36mCACHE (0.0ms)[0m  [1mSELECT  "categories".* FROM "categories" WHERE "categories"."id" = $1 LIMIT 1[0m  [["id", 1]]
  Rendered shared/_repin_form.erb (3.0ms)
  [1m[35mCACHE (0.0ms)[0m  SELECT  "categories".* FROM "categories" WHERE "categories"."id" = $1 LIMIT 1  [["id", 3]]
  Rendered shared/_repin_form.erb (3.6ms)
  [1m[36mCACHE (0.0ms)[0m  [1mSELECT  "categories".* FROM "categories" WHERE "categories"."id" = $1 LIMIT 1[0m  [["id", 3]]
  Rendered shared/_repin_form.erb (11.9ms)
  [1m[35mCACHE (0.0ms)[0m  SELECT  "categories".* FROM "categories" WHERE "categories"."id" = $1 LIMIT 1  [["id", 3]]
  Rendered shared/_repin_form.erb (3.6ms)
  [1m[36mCACHE (0.0ms)[0m  [1mSELECT  "categories".* FROM "categories" WHERE "categories"."id" = $1 LIMIT 1[0m  [["id", 3]]
  Rendered shared/_repin_form.erb (4.8ms)
  [1m[35mCACHE (0.0ms)[0m  SELECT  "categories".* FROM "categories" WHERE "categories"."id" = $1 LIMIT 1  [["id", 1]]
  Rendered shared/_repin_form.erb (13.9ms)
  [1m[36mCACHE (0.0ms)[0m  [1mSELECT  "categories".* FROM "categories" WHERE "categories"."id" = $1 LIMIT 1[0m  [["id", 1]]
  Rendered shared/_repin_form.erb (2.8ms)
  [1m[35mCACHE (0.0ms)[0m  SELECT  "categories".* FROM "categories" WHERE "categories"."id" = $1 LIMIT 1  [["id", 1]]
  Rendered shared/_repin_form.erb (9.0ms)
  [1m[36mCACHE (0.0ms)[0m  [1mSELECT  "categories".* FROM "categories" WHERE "categories"."id" = $1 LIMIT 1[0m  [["id", 1]]
  Rendered shared/_repin_form.erb (3.1ms)
  Rendered shared/_pins_list.erb (245.2ms)
  Rendered pins/index.erb within layouts/application (247.2ms)
Completed 200 OK in 281ms (Views: 275.9ms | ActiveRecord: 3.3ms)


Started GET "/boards" for ::1 at 2016-10-23 12:54:39 -0400
Processing by BoardsController#index as HTML
  [1m[35mUser Load (0.7ms)[0m  SELECT  "users".* FROM "users" WHERE (id=25)  ORDER BY "users"."id" ASC LIMIT 1
  [1m[36mBoardPinner Load (0.3ms)[0m  [1mSELECT "board_pinners".* FROM "board_pinners" WHERE "board_pinners"."user_id" = $1[0m  [["user_id", 25]]
  [1m[35mBoard Load (0.3ms)[0m  SELECT "boards".* FROM "boards" WHERE "boards"."user_id" = $1  [["user_id", 25]]
  Rendered boards/index.html.erb within layouts/application (1.0ms)
Completed 200 OK in 45ms (Views: 38.9ms | ActiveRecord: 1.3ms)


Started GET "/boards/39/edit" for ::1 at 2016-10-23 12:54:43 -0400
Processing by BoardsController#edit as HTML
  Parameters: {"id"=>"39"}
  [1m[36mUser Load (0.6ms)[0m  [1mSELECT  "users".* FROM "users" WHERE (id=25)  ORDER BY "users"."id" ASC LIMIT 1[0m
  [1m[35mBoard Load (0.3ms)[0m  SELECT  "boards".* FROM "boards" WHERE "boards"."id" = $1 LIMIT 1  [["id", 39]]
  [1m[36mFollower Load (6.4ms)[0m  [1mSELECT "followers".* FROM "followers" WHERE "followers"."user_id" = $1[0m  [["user_id", 25]]
  Rendered boards/_form.html.erb (7.7ms)
  Rendered boards/edit.html.erb within layouts/application (10.4ms)
  [1m[35mBoard Load (0.4ms)[0m  SELECT "boards".* FROM "boards" WHERE "boards"."user_id" = $1  [["user_id", 25]]
Completed 200 OK in 95ms (Views: 71.6ms | ActiveRecord: 9.0ms)


Started GET "/boards/39" for ::1 at 2016-10-23 12:54:52 -0400
Processing by BoardsController#show as HTML
  Parameters: {"id"=>"39"}
  [1m[36mUser Load (0.4ms)[0m  [1mSELECT  "users".* FROM "users" WHERE (id=25)  ORDER BY "users"."id" ASC LIMIT 1[0m
  [1m[35mBoard Load (0.3ms)[0m  SELECT  "boards".* FROM "boards" WHERE "boards"."user_id" = $1 AND "boards"."id" = $2 LIMIT 1  [["user_id", 25], ["id", 39]]
  [1m[36mPin Load (0.3ms)[0m  [1mSELECT "pins".* FROM "pins" INNER JOIN "pinnings" ON "pins"."id" = "pinnings"."pin_id" WHERE "pinnings"."board_id" = $1[0m  [["board_id", 39]]
  [1m[35mCategory Load (0.3ms)[0m  SELECT  "categories".* FROM "categories" WHERE "categories"."id" = $1 LIMIT 1  [["id", 3]]
  [1m[36mBoardPinner Load (0.3ms)[0m  [1mSELECT "board_pinners".* FROM "board_pinners" WHERE "board_pinners"."user_id" = $1[0m  [["user_id", 25]]
  [1m[35mBoard Load (0.3ms)[0m  SELECT "boards".* FROM "boards" WHERE "boards"."user_id" = $1  [["user_id", 25]]
  Rendered shared/_repin_form.erb (6.1ms)
  Rendered shared/_pins_list.erb (11.7ms)
  Rendered boards/show.html.erb within layouts/application (13.9ms)
Completed 200 OK in 76ms (Views: 69.8ms | ActiveRecord: 1.9ms)
